The system is: Windows - 10.0.17134 - AMD64
Compiling the C compiler identification source file "CMakeCCompilerId.c" succeeded.
Compiler: D:/MVS/VC/Tools/MSVC/14.26.28801/bin/HostX64/x64/cl.exe 
Build flags: 
Id flags:  

The output was:
0
用于 x64 的 Microsoft (R) C/C++ 优化编译器 19.26.28806 版
版权所有(C) Microsoft Corporation。保留所有权利。

CMakeCCompilerId.c
Microsoft (R) Incremental Linker Version 14.26.28806.0
Copyright (C) Microsoft Corporation.  All rights reserved.

/out:CMakeCCompilerId.exe 
CMakeCCompilerId.obj 


Compilation of the C compiler identification source "CMakeCCompilerId.c" produced "CMakeCCompilerId.exe"

Compilation of the C compiler identification source "CMakeCCompilerId.c" produced "CMakeCCompilerId.obj"

The C compiler identification is MSVC, found in "E:/360MoveData/Users/Administrator/Documents/GitHub/Group_D_Gomoku/out/build/x64-Debug (默认值)/CMakeFiles/3.17.20032601-MSVC_2/CompilerIdC/CMakeCCompilerId.exe"

Determining if the C compiler works passed with the following output:
Change Dir: E:/360MoveData/Users/Administrator/Documents/GitHub/Group_D_Gomoku/out/build/x64-Debug (默认值)/CMakeFiles/CMakeTmp

<<<<<<< Updated upstream
Run Build Command(s):D:\MVS\COMMON7\IDE\COMMONEXTENSIONS\MICROSOFT\CMAKE\Ninja\ninja.exe cmTC_298e5 && [1/2] Building C object CMakeFiles\cmTC_298e5.dir\testCCompiler.c.obj
[2/2] Linking C executable cmTC_298e5.exe
=======
Run Build Command(s):D:\MVS\COMMON7\IDE\COMMONEXTENSIONS\MICROSOFT\CMAKE\Ninja\ninja.exe cmTC_c0a1f && [1/2] Building C object CMakeFiles\cmTC_c0a1f.dir\testCCompiler.c.obj
[2/2] Linking C executable cmTC_c0a1f.exe
>>>>>>> Stashed changes



Detecting C compiler ABI info compiled with the following output:
Change Dir: E:/360MoveData/Users/Administrator/Documents/GitHub/Group_D_Gomoku/out/build/x64-Debug (默认值)/CMakeFiles/CMakeTmp

<<<<<<< Updated upstream
Run Build Command(s):D:\MVS\COMMON7\IDE\COMMONEXTENSIONS\MICROSOFT\CMAKE\Ninja\ninja.exe cmTC_d8ce0 && [1/2] Building C object CMakeFiles\cmTC_d8ce0.dir\CMakeCCompilerABI.c.obj
[2/2] Linking C executable cmTC_d8ce0.exe
=======
Run Build Command(s):D:\MVS\COMMON7\IDE\COMMONEXTENSIONS\MICROSOFT\CMAKE\Ninja\ninja.exe cmTC_31976 && [1/2] Building C object CMakeFiles\cmTC_31976.dir\CMakeCCompilerABI.c.obj
[2/2] Linking C executable cmTC_31976.exe
>>>>>>> Stashed changes



